mode: set
cafenetchi-api/internal/handler/auth.go:15.36,19.2 1 0
cafenetchi-api/internal/handler/auth.go:21.64,23.53 2 0
cafenetchi-api/internal/handler/auth.go:23.53,26.3 2 0
cafenetchi-api/internal/handler/auth.go:28.2,29.16 2 0
cafenetchi-api/internal/handler/auth.go:29.16,32.3 2 0
cafenetchi-api/internal/handler/auth.go:34.2,34.58 1 0
cafenetchi-api/internal/handler/auth.go:34.58,37.3 2 0
cafenetchi-api/internal/handler/auth.go:39.2,44.24 2 0
cafenetchi-api/internal/handler/auth.go:48.66,50.53 2 0
cafenetchi-api/internal/handler/auth.go:50.53,53.3 2 0
cafenetchi-api/internal/handler/auth.go:55.2,56.16 2 0
cafenetchi-api/internal/handler/auth.go:56.16,59.3 2 0
cafenetchi-api/internal/handler/auth.go:61.2,62.16 2 0
cafenetchi-api/internal/handler/auth.go:62.16,65.3 2 0
cafenetchi-api/internal/handler/auth.go:67.2,70.22 3 0
cafenetchi-api/internal/handler/auth.go:70.22,73.3 2 0
cafenetchi-api/internal/handler/auth.go:76.2,79.4 1 0
cafenetchi-api/internal/handler/user.go:20.54,25.2 1 0
cafenetchi-api/internal/handler/user.go:27.59,30.9 3 0
cafenetchi-api/internal/handler/user.go:31.50,32.42 1 0
cafenetchi-api/internal/handler/user.go:33.10,34.44 1 0
cafenetchi-api/internal/handler/user.go:37.2,37.18 1 0
cafenetchi-api/internal/handler/user.go:40.65,43.53 2 0
cafenetchi-api/internal/handler/user.go:43.53,46.3 2 0
cafenetchi-api/internal/handler/user.go:48.2,53.16 3 0
cafenetchi-api/internal/handler/user.go:53.16,56.3 2 0
cafenetchi-api/internal/handler/user.go:58.2,58.39 1 0
cafenetchi-api/internal/db/generated/db.go:20.28,22.2 1 0
cafenetchi-api/internal/db/generated/db.go:28.46,32.2 1 0
cafenetchi-api/internal/db/generated/users.sql.go:27.87,46.2 4 0
cafenetchi-api/internal/db/generated/users.sql.go:54.76,68.2 4 0
cafenetchi-api/internal/db/generated/users.sql.go:76.83,90.2 4 0
cafenetchi-api/internal/db/generated/users.sql.go:97.66,99.16 2 0
cafenetchi-api/internal/db/generated/users.sql.go:99.16,101.3 1 0
cafenetchi-api/internal/db/generated/users.sql.go:102.2,104.18 3 0
cafenetchi-api/internal/db/generated/users.sql.go:104.18,115.17 2 0
cafenetchi-api/internal/db/generated/users.sql.go:115.17,117.4 1 0
cafenetchi-api/internal/db/generated/users.sql.go:118.3,118.27 1 0
cafenetchi-api/internal/db/generated/users.sql.go:120.2,120.35 1 0
cafenetchi-api/internal/db/generated/users.sql.go:120.35,122.3 1 0
cafenetchi-api/internal/db/generated/users.sql.go:123.2,123.19 1 0
cafenetchi-api/internal/db/generated/users.sql.go:141.87,155.2 4 0
cafenetchi-api/cmd/router.go:26.14,53.38 3 0
cafenetchi-api/cmd/router.go:53.38,56.3 2 0
cafenetchi-api/cmd/router.go:58.2,58.29 1 0
cafenetchi-api/cmd/router.go:58.29,63.3 3 0
cafenetchi-api/cmd/router.go:65.2,65.10 1 0
cafenetchi-api/cmd/server.go:21.13,45.16 8 0
cafenetchi-api/cmd/server.go:45.16,52.3 2 0
cafenetchi-api/cmd/server.go:53.2,58.16 4 0
cafenetchi-api/cmd/server.go:58.16,65.3 2 0
cafenetchi-api/cmd/server.go:66.2,127.12 14 0
cafenetchi-api/cmd/server.go:127.12,134.3 2 0
cafenetchi-api/cmd/server.go:136.2,136.9 1 0
cafenetchi-api/cmd/server.go:137.26,142.4 1 0
cafenetchi-api/cmd/server.go:143.23,146.4 1 0
cafenetchi-api/cmd/server.go:149.2,152.50 3 0
cafenetchi-api/cmd/server.go:152.50,159.3 2 0
cafenetchi-api/cmd/server.go:161.2,163.3 1 0
cafenetchi-api/internal/middleware/auth.go:17.63,18.46 1 0
cafenetchi-api/internal/middleware/auth.go:18.46,19.72 1 0
cafenetchi-api/internal/middleware/auth.go:19.72,22.18 3 0
cafenetchi-api/internal/middleware/auth.go:22.18,25.5 2 0
cafenetchi-api/internal/middleware/auth.go:27.4,32.5 2 0
cafenetchi-api/internal/middleware/auth.go:37.40,39.9 2 0
cafenetchi-api/internal/middleware/auth.go:39.9,41.3 1 0
cafenetchi-api/internal/middleware/auth.go:42.2,42.11 1 0
cafenetchi-api/internal/middleware/ratelimiter.go:11.73,12.46 1 0
cafenetchi-api/internal/middleware/ratelimiter.go:12.46,13.72 1 0
cafenetchi-api/internal/middleware/ratelimiter.go:13.72,21.18 4 0
cafenetchi-api/internal/middleware/ratelimiter.go:21.18,24.5 2 0
cafenetchi-api/internal/middleware/ratelimiter.go:26.4,26.16 1 0
cafenetchi-api/internal/middleware/ratelimiter.go:26.16,30.5 3 0
cafenetchi-api/internal/middleware/ratelimiter.go:32.4,32.24 1 0
cafenetchi-api/internal/otp/service.go:24.27,28.2 1 0
cafenetchi-api/internal/otp/service.go:32.79,34.43 2 0
cafenetchi-api/internal/otp/service.go:34.43,36.3 1 0
cafenetchi-api/internal/otp/service.go:38.2,40.54 2 0
cafenetchi-api/internal/otp/service.go:40.54,42.3 1 0
cafenetchi-api/internal/otp/service.go:43.2,43.18 1 0
cafenetchi-api/internal/otp/service.go:49.74,51.16 2 0
cafenetchi-api/internal/otp/service.go:51.16,52.34 1 0
cafenetchi-api/internal/otp/service.go:52.34,54.4 1 0
cafenetchi-api/internal/otp/service.go:55.3,55.40 1 0
cafenetchi-api/internal/otp/service.go:57.2,57.22 1 0
cafenetchi-api/internal/otp/service.go:57.22,59.3 1 0
cafenetchi-api/internal/otp/service.go:61.2,61.48 1 0
cafenetchi-api/internal/otp/service.go:61.48,63.3 1 0
cafenetchi-api/internal/otp/service.go:64.2,64.12 1 0
cafenetchi-api/internal/logger/logger.go:12.20,14.2 1 0
cafenetchi-api/internal/redis/otp_store.go:18.68,23.2 1 0
cafenetchi-api/internal/redis/otp_store.go:26.34,28.2 1 0
cafenetchi-api/internal/redis/otp_store.go:31.75,33.2 1 0
cafenetchi-api/internal/redis/otp_store.go:36.80,38.16 2 0
cafenetchi-api/internal/redis/otp_store.go:38.16,39.30 1 0
cafenetchi-api/internal/redis/otp_store.go:39.30,41.4 1 0
cafenetchi-api/internal/redis/otp_store.go:42.3,42.17 1 0
cafenetchi-api/internal/redis/otp_store.go:44.2,44.18 1 0
cafenetchi-api/internal/redis/otp_store.go:48.70,50.2 1 0
cafenetchi-api/internal/redis/redis.go:16.75,25.53 2 0
cafenetchi-api/internal/redis/redis.go:25.53,28.3 2 0
cafenetchi-api/internal/redis/redis.go:30.2,30.40 1 0
cafenetchi-api/internal/redis/redis.go:33.51,35.2 1 0
cafenetchi-api/internal/redis/retelimit_store.go:23.17,30.2 1 0
cafenetchi-api/internal/redis/retelimit_store.go:32.45,34.2 1 0
cafenetchi-api/internal/redis/retelimit_store.go:36.92,40.16 3 0
cafenetchi-api/internal/redis/retelimit_store.go:40.16,42.3 1 0
cafenetchi-api/internal/redis/retelimit_store.go:45.2,45.16 1 0
cafenetchi-api/internal/redis/retelimit_store.go:45.16,46.77 1 0
cafenetchi-api/internal/redis/retelimit_store.go:46.77,48.4 1 0
cafenetchi-api/internal/redis/retelimit_store.go:52.2,52.22 1 0
cafenetchi-api/internal/redis/retelimit_store.go:52.22,54.3 1 0
cafenetchi-api/internal/redis/retelimit_store.go:57.2,58.16 2 0
cafenetchi-api/internal/redis/retelimit_store.go:58.16,60.3 1 0
cafenetchi-api/internal/redis/retelimit_store.go:62.2,62.24 1 0
cafenetchi-api/internal/types/errors.go:11.34,13.2 1 0
cafenetchi-api/internal/service/auth.go:36.105,45.2 1 0
cafenetchi-api/internal/service/auth.go:47.65,50.16 2 0
cafenetchi-api/internal/service/auth.go:50.16,57.3 2 0
cafenetchi-api/internal/service/auth.go:59.2,59.51 1 0
cafenetchi-api/internal/service/auth.go:59.51,66.3 2 0
cafenetchi-api/internal/service/auth.go:68.2,68.12 1 0
cafenetchi-api/internal/service/auth.go:72.90,74.60 1 0
cafenetchi-api/internal/service/auth.go:74.60,75.10 1 0
cafenetchi-api/internal/service/auth.go:76.39,77.35 1 0
cafenetchi-api/internal/service/auth.go:78.40,79.35 1 0
cafenetchi-api/internal/service/auth.go:80.11,85.5 1 0
cafenetchi-api/internal/service/auth.go:87.3,87.38 1 0
cafenetchi-api/internal/service/auth.go:90.2,97.9 3 0
cafenetchi-api/internal/service/auth.go:98.18,98.18 0 0
cafenetchi-api/internal/service/auth.go:100.50,103.17 2 0
cafenetchi-api/internal/service/auth.go:103.17,105.4 1 0
cafenetchi-api/internal/service/auth.go:107.3,113.4 2 0
cafenetchi-api/internal/service/auth.go:115.10,121.38 2 0
cafenetchi-api/internal/service/auth.go:123.2,130.16 2 0
cafenetchi-api/internal/service/auth.go:130.16,137.3 2 0
cafenetchi-api/internal/service/auth.go:139.2,149.8 2 0
cafenetchi-api/internal/service/user.go:21.56,26.2 1 0
cafenetchi-api/internal/service/user.go:28.76,30.16 2 0
cafenetchi-api/internal/service/user.go:30.16,32.3 1 0
cafenetchi-api/internal/service/user.go:33.2,33.15 1 0
cafenetchi-api/internal/service/user.go:36.105,38.16 2 0
cafenetchi-api/internal/service/user.go:38.16,40.3 1 0
cafenetchi-api/internal/service/user.go:41.2,41.15 1 0
cafenetchi-api/internal/sms/kavenegar.go:20.50,25.2 1 0
cafenetchi-api/internal/sms/kavenegar.go:27.52,31.16 3 0
cafenetchi-api/internal/sms/kavenegar.go:31.16,33.3 1 0
cafenetchi-api/internal/sms/kavenegar.go:34.2,34.12 1 0
cafenetchi-api/internal/sms/kavenegar.go:37.61,40.2 2 0
cafenetchi-api/internal/mapper/pg.go:5.43,10.2 1 0
cafenetchi-api/internal/mapper/user.go:9.44,19.2 1 0
cafenetchi-api/internal/mapper/user.go:21.61,29.2 1 0
cafenetchi-api/internal/repository/user.go:36.34,38.2 1 0
cafenetchi-api/internal/repository/user.go:40.76,42.16 2 0
cafenetchi-api/internal/repository/user.go:42.16,43.36 1 0
cafenetchi-api/internal/repository/user.go:43.36,45.4 1 0
cafenetchi-api/internal/repository/user.go:47.2,47.38 1 0
cafenetchi-api/internal/repository/user.go:50.83,52.16 2 0
cafenetchi-api/internal/repository/user.go:52.16,53.36 1 0
cafenetchi-api/internal/repository/user.go:53.36,55.4 1 0
cafenetchi-api/internal/repository/user.go:56.3,56.18 1 0
cafenetchi-api/internal/repository/user.go:58.2,58.38 1 0
cafenetchi-api/internal/repository/user.go:61.79,65.16 2 0
cafenetchi-api/internal/repository/user.go:65.16,67.29 2 0
cafenetchi-api/internal/repository/user.go:67.29,68.22 1 0
cafenetchi-api/internal/repository/user.go:69.17,70.31 1 0
cafenetchi-api/internal/repository/user.go:73.3,73.18 1 0
cafenetchi-api/internal/repository/user.go:75.2,75.38 1 0
cafenetchi-api/internal/repository/user.go:78.98,90.16 2 0
cafenetchi-api/internal/repository/user.go:90.16,92.3 1 0
cafenetchi-api/internal/repository/user.go:93.2,93.38 1 0
cafenetchi-api/internal/validation/auth.go:8.74,11.16 2 0
cafenetchi-api/internal/validation/auth.go:11.16,13.3 1 0
cafenetchi-api/internal/validation/auth.go:14.2,14.19 1 0
cafenetchi-api/internal/validation/auth.go:17.91,20.16 2 0
cafenetchi-api/internal/validation/auth.go:20.16,22.3 1 0
cafenetchi-api/internal/validation/auth.go:24.2,25.16 2 0
cafenetchi-api/internal/validation/auth.go:25.16,27.3 1 0
cafenetchi-api/internal/validation/auth.go:28.2,28.25 1 0
cafenetchi-api/internal/validation/auth.go:32.58,34.17 2 0
cafenetchi-api/internal/validation/auth.go:34.17,36.3 1 0
cafenetchi-api/internal/validation/auth.go:38.2,38.9 1 0
cafenetchi-api/internal/validation/auth.go:39.39,40.26 1 0
cafenetchi-api/internal/validation/auth.go:42.38,43.26 1 0
cafenetchi-api/internal/validation/auth.go:46.2,46.28 1 0
cafenetchi-api/internal/validation/auth.go:46.28,48.3 1 0
cafenetchi-api/internal/validation/auth.go:50.2,50.19 1 0
cafenetchi-api/internal/validation/auth.go:53.40,54.22 1 0
cafenetchi-api/internal/validation/auth.go:54.22,56.3 1 0
cafenetchi-api/internal/validation/auth.go:58.2,58.37 1 0
cafenetchi-api/internal/validation/auth.go:58.37,60.3 1 0
cafenetchi-api/internal/validation/auth.go:62.2,62.27 1 0
cafenetchi-api/internal/validation/auth.go:62.27,63.27 1 0
cafenetchi-api/internal/validation/auth.go:63.27,65.4 1 0
cafenetchi-api/internal/validation/auth.go:68.2,68.13 1 0
cafenetchi-api/internal/validation/auth.go:71.47,73.16 2 0
cafenetchi-api/internal/validation/auth.go:73.16,75.3 1 0
cafenetchi-api/internal/validation/auth.go:77.2,77.20 1 0
cafenetchi-api/internal/validation/auth.go:77.20,79.3 1 0
cafenetchi-api/internal/validation/auth.go:81.2,81.26 1 0
cafenetchi-api/internal/validation/auth.go:81.26,82.27 1 0
cafenetchi-api/internal/validation/auth.go:82.27,84.4 1 0
cafenetchi-api/internal/validation/auth.go:86.2,86.18 1 0
cafenetchi-api/internal/utils/jwt.go:30.105,48.2 4 0
cafenetchi-api/internal/utils/jwt.go:59.66,64.39 2 0
cafenetchi-api/internal/utils/jwt.go:64.39,65.46 1 0
cafenetchi-api/internal/utils/jwt.go:65.46,67.5 1 0
cafenetchi-api/internal/utils/jwt.go:68.4,68.33 1 0
cafenetchi-api/internal/utils/jwt.go:72.2,72.16 1 0
cafenetchi-api/internal/utils/jwt.go:72.16,74.3 1 0
cafenetchi-api/internal/utils/jwt.go:76.2,76.18 1 0
cafenetchi-api/internal/utils/jwt.go:76.18,78.3 1 0
cafenetchi-api/internal/utils/jwt.go:80.2,80.20 1 0
cafenetchi-api/internal/helpers/json.go:14.71,20.41 4 1
cafenetchi-api/internal/helpers/json.go:20.41,24.10 4 1
cafenetchi-api/internal/helpers/json.go:25.31,26.34 1 1
cafenetchi-api/internal/helpers/json.go:27.44,28.34 1 1
cafenetchi-api/internal/helpers/json.go:29.42,30.34 1 1
cafenetchi-api/internal/helpers/json.go:31.37,32.34 1 1
cafenetchi-api/internal/helpers/json.go:33.44,34.34 1 0
cafenetchi-api/internal/helpers/json.go:35.11,36.14 1 0
cafenetchi-api/internal/helpers/json.go:40.2,40.51 1 1
cafenetchi-api/internal/helpers/json.go:40.51,42.3 1 1
cafenetchi-api/internal/helpers/json.go:44.2,44.12 1 1
cafenetchi-api/internal/helpers/json.go:49.91,51.16 2 1
cafenetchi-api/internal/helpers/json.go:51.16,53.3 1 0
cafenetchi-api/internal/helpers/json.go:55.2,55.22 1 1
cafenetchi-api/internal/helpers/json.go:55.22,57.38 1 0
cafenetchi-api/internal/helpers/json.go:57.38,59.4 1 0
cafenetchi-api/internal/helpers/json.go:62.2,64.40 3 1
cafenetchi-api/internal/helpers/json.go:64.40,66.3 1 0
cafenetchi-api/internal/helpers/json.go:67.2,67.12 1 1
cafenetchi-api/internal/helpers/json.go:71.42,76.2 1 1
cafenetchi-api/internal/helpers/json.go:79.47,84.2 1 1
cafenetchi-api/internal/helpers/json.go:87.65,92.2 1 0
cafenetchi-api/internal/helpers/json.go:97.46,99.30 2 0
cafenetchi-api/internal/helpers/json.go:99.30,101.3 1 0
cafenetchi-api/internal/helpers/json.go:102.2,106.4 1 0
